[[[0.99215686 0.90588236 0.7529412  1.        ]
  [0.99215686 0.90588236 0.7529412  1.        ]
  [0.99215686 0.90588236 0.7529412  1.        ]
  ...
  [0.7529412  0.60784316 0.41960785 1.        ]
  [0.9411765  0.87058824 0.75686276 1.        ]
  [0.98039216 0.9372549  0.8784314  1.        ]]

 [[0.99215686 0.90588236 0.7529412  1.        ]
  [0.99215686 0.90588236 0.7529412  1.        ]
  [0.99215686 0.90588236 0.7529412  1.        ]
  ...
  [0.8039216  0.6745098  0.4862745  1.        ]
  [0.95686275 0.90588236 0.8156863  1.        ]
  [0.9843137  0.93333334 0.8745098  1.        ]]

 [[0.99215686 0.90588236 0.7529412  1.        ]
  [0.99215686 0.90588236 0.7529412  1.        ]
  [0.99215686 0.90588236 0.7529412  1.        ]
  ...
  [0.8627451  0.75686276 0.5882353  1.        ]
  [0.972549   0.92941177 0.85882354 1.        ]
  [0.9843137  0.92941177 0.8666667  1.        ]]

 ...

 [[0.7882353  0.5254902  0.34509805 1.        ]
  [0.70980394 0.45490196 0.29803923 1.        ]
  [0.5294118  0.2784314  0.15294118 1.        ]
  ...
  [0.45882353 0.23529412 0.15686275 1.        ]
  [0.49411765 0.27450982 0.20392157 1.        ]
  [0.5254902  0.30980393 0.24313726 1.        ]]

 [[0.69411767 0.42352942 0.2509804  1.        ]
  [0.6039216  0.34117648 0.19215687 1.        ]
  [0.50980395 0.23921569 0.09803922 1.        ]
  ...
  [0.40392157 0.15294118 0.05490196 1.        ]
  [0.39215687 0.14901961 0.05490196 1.        ]
  [0.3882353  0.14901961 0.05490196 1.        ]]

 [[0.61960787 0.34117648 0.18039216 1.        ]
  [0.7058824  0.41960785 0.2509804  1.        ]
  [0.56078434 0.28235295 0.12941177 1.        ]
  ...
  [0.46666667 0.19607843 0.09019608 1.        ]
  [0.45490196 0.1882353  0.08627451 1.        ]
  [0.4509804  0.1882353  0.08235294 1.        ]]]
[[[-1.23428206  0.08599478  0.08996317  0.62603566]
  [ 1.51043362 -0.12958563  1.19193495 -0.54368831]
  [ 0.9209896  -1.07319731  2.14477067  1.44731145]
  ...
  [-0.35683913  0.61543258  0.04786166 -0.14221324]
  [ 1.46107941  0.97978943  0.81825242  0.97441979]
  [-0.79935341  0.39318166 -0.55935694  1.66589012]]

 [[ 1.24532815 -0.28329956 -0.85393343  0.7672351 ]
  [ 0.31550903  0.16942958 -1.31340841 -1.07395583]
  [ 0.61752904  0.77743771  1.41774399  0.28698075]
  ...
  [ 1.97527961 -1.07878586 -0.89440857 -0.70920732]
  [ 1.7038669   0.01272828 -1.12126124  0.03737646]
  [-1.88467947  0.30737879  2.119056    0.17016969]]

 [[ 0.31031838  1.08516632 -0.11501087 -0.49956534]
  [-0.02513542 -0.92532516  0.33140004 -0.4435251 ]
  [ 0.75108499  0.84356482  0.26906598 -0.78907782]
  ...
  [-0.98113223  0.39255731  0.41655364 -1.78858257]
  [ 1.3514027  -0.00363583  0.12584469 -1.39704956]
  [ 1.94124395  0.26551654  2.66565197  0.28251739]]

 ...

 [[ 0.41129336 -0.03179214 -1.01205589  1.09625195]
  [ 0.37642282  0.56448493  0.22258558  0.49562386]
  [-0.71802448 -0.38980422  0.66237142  0.96185637]
  ...
  [-1.17791755  0.37926067  1.30344355  1.20840951]
  [ 1.41214501  0.95676089  1.65616367  0.57441316]
  [-0.53604727 -1.92054392  1.16776739 -0.60091731]]

 [[-0.73807122  0.19268191 -1.1876736   0.61497036]
  [ 1.46678919 -2.15482478  0.60483392  0.42284059]
  [ 0.20078925  1.05234562  0.20960715 -1.12086702]
  ...
  [ 1.09182964  0.83225989 -0.40209411 -1.41725798]
  [-0.45848856 -1.18164791  0.05794612  0.31650715]
  [-1.83842035  0.10422477  2.36043026  0.07795558]]

 [[ 0.2525432   1.24601361 -0.3491024   2.06795838]
  [ 0.12380558 -0.54002669 -0.23316807  0.11690887]
  [ 0.30983042  0.97097544  1.27468532  1.04646245]
  ...
  [-1.61702007  1.12173291 -0.17843118 -0.63262578]
  [ 1.908975   -0.70601338  0.19911302 -0.47099974]
  [ 0.1848774  -1.16753337 -0.52769339 -0.9134238 ]]]
Training start!
[[[0.99215686 0.90588236 0.7529412  1.        ]
  [0.99215686 0.90588236 0.7529412  1.        ]
  [0.99215686 0.90588236 0.7529412  1.        ]
  ...
  [0.7529412  0.60784316 0.41960785 1.        ]
  [0.9411765  0.87058824 0.75686276 1.        ]
  [0.98039216 0.9372549  0.8784314  1.        ]]

 [[0.99215686 0.90588236 0.7529412  1.        ]
  [0.99215686 0.90588236 0.7529412  1.        ]
  [0.99215686 0.90588236 0.7529412  1.        ]
  ...
  [0.8039216  0.6745098  0.4862745  1.        ]
  [0.95686275 0.90588236 0.8156863  1.        ]
  [0.9843137  0.93333334 0.8745098  1.        ]]

 [[0.99215686 0.90588236 0.7529412  1.        ]
  [0.99215686 0.90588236 0.7529412  1.        ]
  [0.99215686 0.90588236 0.7529412  1.        ]
  ...
  [0.8627451  0.75686276 0.5882353  1.        ]
  [0.972549   0.92941177 0.85882354 1.        ]
  [0.9843137  0.92941177 0.8666667  1.        ]]

 ...

 [[0.7882353  0.5254902  0.34509805 1.        ]
  [0.70980394 0.45490196 0.29803923 1.        ]
  [0.5294118  0.2784314  0.15294118 1.        ]
  ...
  [0.45882353 0.23529412 0.15686275 1.        ]
  [0.49411765 0.27450982 0.20392157 1.        ]
  [0.5254902  0.30980393 0.24313726 1.        ]]

 [[0.69411767 0.42352942 0.2509804  1.        ]
  [0.6039216  0.34117648 0.19215687 1.        ]
  [0.50980395 0.23921569 0.09803922 1.        ]
  ...
  [0.40392157 0.15294118 0.05490196 1.        ]
  [0.39215687 0.14901961 0.05490196 1.        ]
  [0.3882353  0.14901961 0.05490196 1.        ]]

 [[0.61960787 0.34117648 0.18039216 1.        ]
  [0.7058824  0.41960785 0.2509804  1.        ]
  [0.56078434 0.28235295 0.12941177 1.        ]
  ...
  [0.46666667 0.19607843 0.09019608 1.        ]
  [0.45490196 0.1882353  0.08627451 1.        ]
  [0.4509804  0.1882353  0.08235294 1.        ]]]
[[[-0.9670012   0.5024266   0.94515737 -0.51800019]
  [ 2.28199044  0.47799551  0.49835011  0.04890884]
  [ 0.42721756  0.90676039 -1.25650441 -0.4583331 ]
  ...
  [ 0.09793062 -0.94998296  0.2167066  -1.45127205]
  [-0.25300705  0.72128416  0.7584288  -0.58075164]
  [ 0.03662965 -0.37295117 -1.37155003 -1.50744529]]

 [[ 0.90098473 -0.39810966  0.60925952 -0.82430546]
  [-1.54855473  1.35610554 -1.83558477 -1.31384367]
  [ 0.09284262 -1.26187545 -1.97441237 -0.201503  ]
  ...
  [ 0.2007454  -0.67123396  2.23427552 -1.24327996]
  [ 0.68512574 -0.4507332  -0.95840362 -0.22892088]
  [ 3.18885143 -0.62056142  0.771837   -1.09410241]]

 [[ 0.39548906  0.33739717  0.35661476  0.68759445]
  [ 0.3133845  -1.93248532 -0.48576029 -1.02828004]
  [ 0.39871532  1.37460866  0.81406361 -1.95082601]
  ...
  [-0.87784589 -1.75294764 -1.40976163 -0.25829355]
  [ 0.33745774  0.52516422 -1.11891062 -0.12640999]
  [-0.68147361 -0.91379251 -0.76661547  0.37983581]]

 ...

 [[ 0.07746171 -0.09595773  0.52581559  0.47888117]
  [-1.09814073 -0.23216322 -0.14662236  0.17426338]
  [ 0.41264466 -0.79847346  2.99025267  0.5365238 ]
  ...
  [ 1.25933316 -0.82051441 -1.87468618  1.35887881]
  [-1.32335323  0.12383235  1.06003122 -0.66628922]
  [-0.09261327  0.65893729 -1.81836053 -0.35426322]]

 [[-1.15482668 -1.63442243  0.07923594 -2.00962506]
  [-2.39689643 -2.10552274  1.24998933  0.91090823]
  [-0.02423199 -0.40468879 -0.46195133  0.09328628]
  ...
  [ 1.59976686  0.54356835 -0.57584537 -0.1734787 ]
  [-1.54322224  0.18181358 -1.21002455 -0.59850269]
  [ 1.60097433  0.83141639 -1.98629361 -0.12676357]]

 [[-0.58062874  0.0502448  -0.38881202  0.82730025]
  [ 0.92841302 -0.31210316  1.36716621 -2.02770651]
  [-1.33023892 -0.74077573  0.07215129  1.20143896]
  ...
  [-0.67766059  1.63230898 -0.89861169 -0.85616196]
  [-0.40221359  0.46968101  0.53451981  0.61018287]
  [ 0.59349937  1.16992953  0.50072219  0.84220447]]]
Training start!
[1/200] - ptime: 110.55, loss_d: 0.499, loss_g: 18.965
[2/200] - ptime: 109.89, loss_d: 0.816, loss_g: 5.157
[3/200] - ptime: 109.70, loss_d: 0.717, loss_g: 4.823
[4/200] - ptime: 109.69, loss_d: 0.742, loss_g: 4.317
[5/200] - ptime: 109.58, loss_d: 0.685, loss_g: 4.172
[6/200] - ptime: 109.66, loss_d: 0.600, loss_g: 4.299
[7/200] - ptime: 109.65, loss_d: 0.673, loss_g: 3.977
[8/200] - ptime: 109.66, loss_d: 0.661, loss_g: 3.898
[9/200] - ptime: 109.59, loss_d: 0.664, loss_g: 3.632
[10/200] - ptime: 109.56, loss_d: 0.705, loss_g: 3.445
learning rate change!
[11/200] - ptime: 109.60, loss_d: 0.361, loss_g: 2.223
